#
# There is insufficient memory for the Java Runtime Environment to continue.
# Native memory allocation (mmap) failed to map 65536 bytes for Failed to commit metaspace.
# Possible reasons:
#   The system is out of physical RAM or swap space
#   The process is running with CompressedOops enabled, and the Java Heap may be blocking the growth of the native heap
# Possible solutions:
#   Reduce memory load on the system
#   Increase physical memory or swap space
#   Check if swap backing store is full
#   Decrease Java heap size (-Xmx/-Xms)
#   Decrease number of Java threads
#   Decrease Java thread stack sizes (-Xss)
#   Set larger code cache with -XX:ReservedCodeCacheSize=
#   JVM is running with Unscaled Compressed Oops mode in which the Java heap is
#     placed in the first 4GB address space. The Java Heap base address is the
#     maximum limit for the native heap growth. Please use -XX:HeapBaseMinAddress
#     to set the Java Heap base and to place the Java Heap above 4GB virtual address.
# This output file may be truncated or incomplete.
#
#  Out of Memory Error (virtualSpaceNode.cpp:112), pid=18512, tid=1940
#
# JRE version: Java(TM) SE Runtime Environment (21.0.5+9) (build 21.0.5+9-LTS-239)
# Java VM: Java HotSpot(TM) 64-Bit Server VM (21.0.5+9-LTS-239, mixed mode, emulated-client, sharing, tiered, compressed oops, compressed class ptrs, g1 gc, windows-amd64)
# No core dump will be written. Minidumps are not enabled by default on client versions of Windows
#

---------------  S U M M A R Y ------------

Command Line: -XX:TieredStopAtLevel=1 -Dspring.output.ansi.enabled=always -Dcom.sun.management.jmxremote -Dspring.jmx.enabled=true -Dspring.liveBeansView.mbeanDomain -Dspring.application.admin.enabled=true -Dmanagement.endpoints.jmx.exposure.include=* -javaagent:D:\Intellij\IntelliJ IDEA 2024.3\lib\idea_rt.jar=52434:D:\Intellij\IntelliJ IDEA 2024.3\bin -Dfile.encoding=UTF-8 -Dsun.stdout.encoding=UTF-8 -Dsun.stderr.encoding=UTF-8 com.example.book.BookApplication

Host: 11th Gen Intel(R) Core(TM) i5-1135G7 @ 2.40GHz, 8 cores, 7G,  Windows 11 , 64 bit Build 22621 (10.0.22621.4391)
Time: Sat Dec 14 23:21:09 2024 SE Asia Standard Time elapsed time: 0.628586 seconds (0d 0h 0m 0s)

---------------  T H R E A D  ---------------

Current thread (0x0000024b52a27600):  JavaThread "JMX server connection timeout 26" daemon [_thread_in_vm, id=1940, stack(0x000000e278000000,0x000000e278100000) (1024K)]

Stack: [0x000000e278000000,0x000000e278100000]
Native frames: (J=compiled Java code, j=interpreted, Vv=VM code, C=native code)
V  [jvm.dll+0x6ca289]
V  [jvm.dll+0x854a51]
V  [jvm.dll+0x856f7e]
V  [jvm.dll+0x857653]
V  [jvm.dll+0x27dd26]
V  [jvm.dll+0x85066e]
V  [jvm.dll+0x66dfd5]
V  [jvm.dll+0x66e03a]
V  [jvm.dll+0x670855]
V  [jvm.dll+0x670722]
V  [jvm.dll+0x66e9ae]
V  [jvm.dll+0x2681cf]
V  [jvm.dll+0x678d25]
V  [jvm.dll+0x214c91]
V  [jvm.dll+0x21511a]
V  [jvm.dll+0x215b41]
V  [jvm.dll+0x20afde]
V  [jvm.dll+0x5aceac]
V  [jvm.dll+0x21c77a]
V  [jvm.dll+0x7ce34c]
V  [jvm.dll+0x7cf374]
V  [jvm.dll+0x7cf942]
V  [jvm.dll+0x7cf5c8]
V  [jvm.dll+0x26bb4b]
V  [jvm.dll+0x26bd7a]
V  [jvm.dll+0x5cff67]
V  [jvm.dll+0x5d2f56]
V  [jvm.dll+0x3d64a5]
V  [jvm.dll+0x3d5b1d]
C  0x0000024b49f18d35

The last pc belongs to invokestatic (printed below).
Java frames: (J=compiled Java code, j=interpreted, Vv=VM code)
j  java.lang.StackTraceElement.isHashedInJavaBase(Ljava/lang/Module;)Z+19 java.base@21.0.5
j  java.lang.StackTraceElement.computeFormat()V+33 java.base@21.0.5
j  java.lang.StackTraceElement.of([Ljava/lang/StackTraceElement;)[Ljava/lang/StackTraceElement;+19 java.base@21.0.5
j  java.lang.StackTraceElement.of(Ljava/lang/Object;I)[Ljava/lang/StackTraceElement;+35 java.base@21.0.5
j  java.lang.Throwable.getOurStackTrace()[Ljava/lang/StackTraceElement;+33 java.base@21.0.5
j  java.lang.Throwable.lockedPrintStackTrace(Ljava/lang/Throwable$PrintStreamOrWriter;)V+25 java.base@21.0.5
j  java.lang.Throwable.printStackTrace(Ljava/lang/Throwable$PrintStreamOrWriter;)V+23 java.base@21.0.5
j  java.lang.Throwable.printStackTrace(Ljava/io/PrintStream;)V+9 java.base@21.0.5
j  java.lang.ThreadGroup.uncaughtException(Ljava/lang/Thread;Ljava/lang/Throwable;)V+75 java.base@21.0.5
j  java.lang.ThreadGroup.uncaughtException(Ljava/lang/Thread;Ljava/lang/Throwable;)V+13 java.base@21.0.5
j  java.lang.Thread.dispatchUncaughtException(Ljava/lang/Throwable;)V+6 java.base@21.0.5
v  ~StubRoutines::call_stub 0x0000024b49f010e7
invokestatic  184 invokestatic  [0x0000024b49f18c80, 0x0000024b49f18de0]  352 bytes
[MachCode]
  0x0000024b49f18c80: 4883 ec08 | c5fa 1104 | 24eb 1f48 | 83ec 10c5 | fb11 0424 | eb14 4883 | ec10 4889 | 0424 48c7 
  0x0000024b49f18ca0: 4424 0800 | 0000 00eb | 0150 4c89 | 6dc0 410f | b755 0148 | 8b4d d0c1 | e202 8b5c | d138 c1eb 
  0x0000024b49f18cc0: 1081 e3ff | 0000 0081 | fbb8 0000 | 000f 84b4 | 0000 00bb | b800 0000 | e805 0000 | 00e9 9900 
  0x0000024b49f18ce0: 0000 488b | d348 8d44 | 2408 4c89 | 6dc0 498b | cfc5 f877 | 4989 afa8 | 0300 0049 | 8987 9803 
  0x0000024b49f18d00: 0000 4883 | ec20 40f6 | c40f 0f84 | 1900 0000 | 4883 ec08 | 48b8 b05a | 8f81 fd7f | 0000 ffd0 
  0x0000024b49f18d20: 4883 c408 | e90c 0000 | 0048 b8b0 | 5a8f 81fd | 7f00 00ff | d048 83c4 | 2049 c787 | 9803 0000 
  0x0000024b49f18d40: 0000 0000 | 49c7 87a8 | 0300 0000 | 0000 0049 | c787 a003 | 0000 0000 | 0000 c5f8 | 7749 837f 
  0x0000024b49f18d60: 0800 0f84 | 0500 0000 | e993 81fe | ff4c 8b6d | c04c 8b75 | c84e 8d74 | f500 c341 | 0fb7 5501 
  0x0000024b49f18d80: 488b 4dd0 | c1e2 0248 | 8b5c d140 | 488b 5b08 | 488b 5b08 | 488b 5b18 | 80bb 2101 | 0000 040f 
  0x0000024b49f18da0: 840d 0000 | 004c 3bbb | 2801 0000 | 0f85 21ff | ffff 488b | 5cd1 408b | 54d1 50c1 | ea1c 49ba 
  0x0000024b49f18dc0: 20bb 1682 | fd7f 0000 | 498b 14d2 | 524c 8d6c | 2408 4c89 | 6df0 ff63 | 500f 1f80 | 0000 0000 
[/MachCode]

---------------  P R O C E S S  ---------------

Threads class SMR info:
_java_thread_list=0x0000024b52a39630, length=18, elements={
0x0000024b3f98ad40, 0x0000024b52174bf0, 0x0000024b52175900, 0x0000024b52176f00,
0x0000024b52178e30, 0x0000024b52179970, 0x0000024b5217c4c0, 0x0000024b5217f140,
0x0000024b5214d8e0, 0x0000024b523970e0, 0x0000024b52396a10, 0x0000024b52396340,
0x0000024b527eea80, 0x0000024b527f3d80, 0x0000024b5299a240, 0x0000024b529adfb0,
0x0000024b52a21780, 0x0000024b52a27600
}

Java Threads: ( => current thread )
  0x0000024b3f98ad40 JavaThread "main"                              [_thread_in_vm, id=9012, stack(0x000000e276800000,0x000000e276900000) (1024K)]
  0x0000024b52174bf0 JavaThread "Reference Handler"          daemon [_thread_blocked, id=17884, stack(0x000000e277000000,0x000000e277100000) (1024K)]
  0x0000024b52175900 JavaThread "Finalizer"                  daemon [_thread_blocked, id=22368, stack(0x000000e277100000,0x000000e277200000) (1024K)]
  0x0000024b52176f00 JavaThread "Signal Dispatcher"          daemon [_thread_blocked, id=22496, stack(0x000000e277200000,0x000000e277300000) (1024K)]
  0x0000024b52178e30 JavaThread "Attach Listener"            daemon [_thread_blocked, id=13184, stack(0x000000e277300000,0x000000e277400000) (1024K)]
  0x0000024b52179970 JavaThread "Service Thread"             daemon [_thread_blocked, id=23396, stack(0x000000e277400000,0x000000e277500000) (1024K)]
  0x0000024b5217c4c0 JavaThread "Monitor Deflation Thread"   daemon [_thread_blocked, id=20944, stack(0x000000e277500000,0x000000e277600000) (1024K)]
  0x0000024b5217f140 JavaThread "C1 CompilerThread0"         daemon [_thread_blocked, id=21140, stack(0x000000e277600000,0x000000e277700000) (1024K)]
  0x0000024b5214d8e0 JavaThread "Common-Cleaner"             daemon [_thread_blocked, id=7748, stack(0x000000e277700000,0x000000e277800000) (1024K)]
  0x0000024b523970e0 JavaThread "C1 CompilerThread1"         daemon [_thread_blocked, id=9552, stack(0x000000e277800000,0x000000e277900000) (1024K)]
  0x0000024b52396a10 JavaThread "C1 CompilerThread2"         daemon [_thread_blocked, id=8836, stack(0x000000e277900000,0x000000e277a00000) (1024K)]
  0x0000024b52396340 JavaThread "C1 CompilerThread3"         daemon [_thread_blocked, id=14152, stack(0x000000e277a00000,0x000000e277b00000) (1024K)]
  0x0000024b527eea80 JavaThread "Monitor Ctrl-Break"         daemon [_thread_in_native, id=19120, stack(0x000000e277b00000,0x000000e277c00000) (1024K)]
  0x0000024b527f3d80 JavaThread "Notification Thread"        daemon [_thread_blocked, id=13032, stack(0x000000e277c00000,0x000000e277d00000) (1024K)]
  0x0000024b5299a240 JavaThread "RMI TCP Accept-0"           daemon [_thread_in_native, id=22416, stack(0x000000e277d00000,0x000000e277e00000) (1024K)]
  0x0000024b529adfb0 JavaThread "RMI TCP Connection(1)-192.168.0.103" daemon [_thread_in_vm, id=9532, stack(0x000000e277e00000,0x000000e277f00000) (1024K)]
  0x0000024b52a21780 JavaThread "RMI Scheduler(0)"           daemon [_thread_blocked, id=15356, stack(0x000000e277f00000,0x000000e278000000) (1024K)]
=>0x0000024b52a27600 JavaThread "JMX server connection timeout 26" daemon [_thread_in_vm, id=1940, stack(0x000000e278000000,0x000000e278100000) (1024K)]
Total: 18

Other Threads:
  0x0000024b5215d7e0 VMThread "VM Thread"                           [id=300, stack(0x000000e276f00000,0x000000e277000000) (1024K)]
  0x0000024b5214aee0 WatcherThread "VM Periodic Task Thread"        [id=23508, stack(0x000000e276e00000,0x000000e276f00000) (1024K)]
  0x0000024b41ad9b60 WorkerThread "GC Thread#0"                     [id=6556, stack(0x000000e276900000,0x000000e276a00000) (1024K)]
  0x0000024b41aea4b0 ConcurrentGCThread "G1 Main Marker"            [id=9248, stack(0x000000e276a00000,0x000000e276b00000) (1024K)]
  0x0000024b41aeb750 WorkerThread "G1 Conc#0"                       [id=19260, stack(0x000000e276b00000,0x000000e276c00000) (1024K)]
  0x0000024b52016590 ConcurrentGCThread "G1 Refine#0"               [id=12424, stack(0x000000e276c00000,0x000000e276d00000) (1024K)]
  0x0000024b52017010 ConcurrentGCThread "G1 Service"                [id=13700, stack(0x000000e276d00000,0x000000e276e00000) (1024K)]
Total: 7

Threads with active compile tasks:
Total: 0

VM state: not at safepoint (normal execution)

VM Mutex/Monitor currently owned by a thread:  ([mutex/lock_event])
[0x00007ffd82159e18] Metaspace_lock - owner thread: 0x0000024b52a27600

Heap address: 0x0000000084200000, size: 1982 MB, Compressed Oops mode: 32-bit

CDS archive(s) mapped at: [0x0000024b53000000-0x0000024b53c90000-0x0000024b53c90000), size 13172736, SharedBaseAddress: 0x0000024b53000000, ArchiveRelocationMode: 1.
Compressed class space mapped at: 0x0000024b54000000-0x0000024b94000000, reserved size: 1073741824
Narrow klass base: 0x0000024b53000000, Narrow klass shift: 0, Narrow klass range: 0x100000000

GC Precious Log:
 CardTable entry size: 512
 Card Set container configuration: InlinePtr #cards 5 size 8 Array Of Cards #cards 12 size 40 Howl #buckets 4 coarsen threshold 1843 Howl Bitmap #cards 512 size 80 coarsen threshold 460 Card regions per heap region 1 cards per card region 2048
 CPUs: 8 total, 8 available
 Memory: 7926M
 Large Page Support: Disabled
 NUMA Support: Disabled
 Compressed Oops: Enabled (32-bit)
 Heap Region Size: 1M
 Heap Min Capacity: 8M
 Heap Initial Capacity: 124M
 Heap Max Capacity: 1982M
 Pre-touch: Disabled
 Parallel Workers: 8
 Concurrent Workers: 2
 Concurrent Refinement Workers: 8
 Periodic GC: Disabled

Heap:
 garbage-first heap   total 126976K, used 20480K [0x0000000084200000, 0x0000000100000000)
  region size 1024K, 20 young (20480K), 0 survivors (0K)
 Metaspace       used 6461K, committed 6656K, reserved 1114112K
  class space    used 746K, committed 832K, reserved 1048576K

Heap Regions: E=young(eden), S=young(survivor), O=old, HS=humongous(starts), HC=humongous(continues), CS=collection set, F=free, TAMS=top-at-mark-start, PB=parsable bottom
|   0|0x0000000084200000, 0x0000000084300000, 0x0000000084300000|100%|HS|  |TAMS 0x0000000084200000| PB 0x0000000084200000| Complete 
|   1|0x0000000084300000, 0x0000000084400000, 0x0000000084400000|100%|HS|  |TAMS 0x0000000084300000| PB 0x0000000084300000| Complete 
|   2|0x0000000084400000, 0x0000000084400000, 0x0000000084500000|  0%| F|  |TAMS 0x0000000084400000| PB 0x0000000084400000| Untracked 
|   3|0x0000000084500000, 0x0000000084500000, 0x0000000084600000|  0%| F|  |TAMS 0x0000000084500000| PB 0x0000000084500000| Untracked 
|   4|0x0000000084600000, 0x0000000084600000, 0x0000000084700000|  0%| F|  |TAMS 0x0000000084600000| PB 0x0000000084600000| Untracked 
|   5|0x0000000084700000, 0x0000000084700000, 0x0000000084800000|  0%| F|  |TAMS 0x0000000084700000| PB 0x0000000084700000| Untracked 
|   6|0x0000000084800000, 0x0000000084800000, 0x0000000084900000|  0%| F|  |TAMS 0x0000000084800000| PB 0x0000000084800000| Untracked 
|   7|0x0000000084900000, 0x0000000084900000, 0x0000000084a00000|  0%| F|  |TAMS 0x0000000084900000| PB 0x0000000084900000| Untracked 
|   8|0x0000000084a00000, 0x0000000084a00000, 0x0000000084b00000|  0%| F|  |TAMS 0x0000000084a00000| PB 0x0000000084a00000| Untracked 
|   9|0x0000000084b00000, 0x0000000084b00000, 0x0000000084c00000|  0%| F|  |TAMS 0x0000000084b00000| PB 0x0000000084b00000| Untracked 
|  10|0x0000000084c00000, 0x0000000084c00000, 0x0000000084d00000|  0%| F|  |TAMS 0x0000000084c00000| PB 0x0000000084c00000| Untracked 
|  11|0x0000000084d00000, 0x0000000084d00000, 0x0000000084e00000|  0%| F|  |TAMS 0x0000000084d00000| PB 0x0000000084d00000| Untracked 
|  12|0x0000000084e00000, 0x0000000084e00000, 0x0000000084f00000|  0%| F|  |TAMS 0x0000000084e00000| PB 0x0000000084e00000| Untracked 
|  13|0x0000000084f00000, 0x0000000084f00000, 0x0000000085000000|  0%| F|  |TAMS 0x0000000084f00000| PB 0x0000000084f00000| Untracked 
|  14|0x0000000085000000, 0x0000000085000000, 0x0000000085100000|  0%| F|  |TAMS 0x0000000085000000| PB 0x0000000085000000| Untracked 
|  15|0x0000000085100000, 0x0000000085100000, 0x0000000085200000|  0%| F|  |TAMS 0x0000000085100000| PB 0x0000000085100000| Untracked 
|  16|0x0000000085200000, 0x0000000085200000, 0x0000000085300000|  0%| F|  |TAMS 0x0000000085200000| PB 0x0000000085200000| Untracked 
|  17|0x0000000085300000, 0x0000000085300000, 0x0000000085400000|  0%| F|  |TAMS 0x0000000085300000| PB 0x0000000085300000| Untracked 
|  18|0x0000000085400000, 0x0000000085400000, 0x0000000085500000|  0%| F|  |TAMS 0x0000000085400000| PB 0x0000000085400000| Untracked 
|  19|0x0000000085500000, 0x0000000085500000, 0x0000000085600000|  0%| F|  |TAMS 0x0000000085500000| PB 0x0000000085500000| Untracked 
|  20|0x0000000085600000, 0x0000000085600000, 0x0000000085700000|  0%| F|  |TAMS 0x0000000085600000| PB 0x0000000085600000| Untracked 
|  21|0x0000000085700000, 0x0000000085700000, 0x0000000085800000|  0%| F|  |TAMS 0x0000000085700000| PB 0x0000000085700000| Untracked 
|  22|0x0000000085800000, 0x0000000085800000, 0x0000000085900000|  0%| F|  |TAMS 0x0000000085800000| PB 0x0000000085800000| Untracked 
|  23|0x0000000085900000, 0x0000000085900000, 0x0000000085a00000|  0%| F|  |TAMS 0x0000000085900000| PB 0x0000000085900000| Untracked 
|  24|0x0000000085a00000, 0x0000000085a00000, 0x0000000085b00000|  0%| F|  |TAMS 0x0000000085a00000| PB 0x0000000085a00000| Untracked 
|  25|0x0000000085b00000, 0x0000000085b00000, 0x0000000085c00000|  0%| F|  |TAMS 0x0000000085b00000| PB 0x0000000085b00000| Untracked 
|  26|0x0000000085c00000, 0x0000000085c00000, 0x0000000085d00000|  0%| F|  |TAMS 0x0000000085c00000| PB 0x0000000085c00000| Untracked 
|  27|0x0000000085d00000, 0x0000000085d00000, 0x0000000085e00000|  0%| F|  |TAMS 0x0000000085d00000| PB 0x0000000085d00000| Untracked 
|  28|0x0000000085e00000, 0x0000000085e00000, 0x0000000085f00000|  0%| F|  |TAMS 0x0000000085e00000| PB 0x0000000085e00000| Untracked 
|  29|0x0000000085f00000, 0x0000000085f00000, 0x0000000086000000|  0%| F|  |TAMS 0x0000000085f00000| PB 0x0000000085f00000| Untracked 
|  30|0x0000000086000000, 0x0000000086000000, 0x0000000086100000|  0%| F|  |TAMS 0x0000000086000000| PB 0x0000000086000000| Untracked 
|  31|0x0000000086100000, 0x0000000086100000, 0x0000000086200000|  0%| F|  |TAMS 0x0000000086100000| PB 0x0000000086100000| Untracked 
|  32|0x0000000086200000, 0x0000000086200000, 0x0000000086300000|  0%| F|  |TAMS 0x0000000086200000| PB 0x0000000086200000| Untracked 
|  33|0x0000000086300000, 0x0000000086300000, 0x0000000086400000|  0%| F|  |TAMS 0x0000000086300000| PB 0x0000000086300000| Untracked 
|  34|0x0000000086400000, 0x0000000086400000, 0x0000000086500000|  0%| F|  |TAMS 0x0000000086400000| PB 0x0000000086400000| Untracked 
|  35|0x0000000086500000, 0x0000000086500000, 0x0000000086600000|  0%| F|  |TAMS 0x0000000086500000| PB 0x0000000086500000| Untracked 
|  36|0x0000000086600000, 0x0000000086600000, 0x0000000086700000|  0%| F|  |TAMS 0x0000000086600000| PB 0x0000000086600000| Untracked 
|  37|0x0000000086700000, 0x0000000086700000, 0x0000000086800000|  0%| F|  |TAMS 0x0000000086700000| PB 0x0000000086700000| Untracked 
|  38|0x0000000086800000, 0x0000000086800000, 0x0000000086900000|  0%| F|  |TAMS 0x0000000086800000| PB 0x0000000086800000| Untracked 
|  39|0x0000000086900000, 0x0000000086900000, 0x0000000086a00000|  0%| F|  |TAMS 0x0000000086900000| PB 0x0000000086900000| Untracked 
|  40|0x0000000086a00000, 0x0000000086a00000, 0x0000000086b00000|  0%| F|  |TAMS 0x0000000086a00000| PB 0x0000000086a00000| Untracked 
|  41|0x0000000086b00000, 0x0000000086b00000, 0x0000000086c00000|  0%| F|  |TAMS 0x0000000086b00000| PB 0x0000000086b00000| Untracked 
|  42|0x0000000086c00000, 0x0000000086c00000, 0x0000000086d00000|  0%| F|  |TAMS 0x0000000086c00000| PB 0x0000000086c00000| Untracked 
|  43|0x0000000086d00000, 0x0000000086d00000, 0x0000000086e00000|  0%| F|  |TAMS 0x0000000086d00000| PB 0x0000000086d00000| Untracked 
|  44|0x0000000086e00000, 0x0000000086e00000, 0x0000000086f00000|  0%| F|  |TAMS 0x0000000086e00000| PB 0x0000000086e00000| Untracked 
|  45|0x0000000086f00000, 0x0000000086f00000, 0x0000000087000000|  0%| F|  |TAMS 0x0000000086f00000| PB 0x0000000086f00000| Untracked 
|  46|0x0000000087000000, 0x0000000087000000, 0x0000000087100000|  0%| F|  |TAMS 0x0000000087000000| PB 0x0000000087000000| Untracked 
|  47|0x0000000087100000, 0x0000000087100000, 0x0000000087200000|  0%| F|  |TAMS 0x0000000087100000| PB 0x0000000087100000| Untracked 
|  48|0x0000000087200000, 0x0000000087200000, 0x0000000087300000|  0%| F|  |TAMS 0x0000000087200000| PB 0x0000000087200000| Untracked 
|  49|0x0000000087300000, 0x0000000087300000, 0x0000000087400000|  0%| F|  |TAMS 0x0000000087300000| PB 0x0000000087300000| Untracked 
|  50|0x0000000087400000, 0x0000000087400000, 0x0000000087500000|  0%| F|  |TAMS 0x0000000087400000| PB 0x0000000087400000| Untracked 
|  51|0x0000000087500000, 0x0000000087500000, 0x0000000087600000|  0%| F|  |TAMS 0x0000000087500000| PB 0x0000000087500000| Untracked 
|  52|0x0000000087600000, 0x0000000087600000, 0x0000000087700000|  0%| F|  |TAMS 0x0000000087600000| PB 0x0000000087600000| Untracked 
|  53|0x0000000087700000, 0x0000000087700000, 0x0000000087800000|  0%| F|  |TAMS 0x0000000087700000| PB 0x0000000087700000| Untracked 
|  54|0x0000000087800000, 0x0000000087800000, 0x0000000087900000|  0%| F|  |TAMS 0x0000000087800000| PB 0x0000000087800000| Untracked 
|  55|0x0000000087900000, 0x0000000087900000, 0x0000000087a00000|  0%| F|  |TAMS 0x0000000087900000| PB 0x0000000087900000| Untracked 
|  56|0x0000000087a00000, 0x0000000087a00000, 0x0000000087b00000|  0%| F|  |TAMS 0x0000000087a00000| PB 0x0000000087a00000| Untracked 
|  57|0x0000000087b00000, 0x0000000087b00000, 0x0000000087c00000|  0%| F|  |TAMS 0x0000000087b00000| PB 0x0000000087b00000| Untracked 
|  58|0x0000000087c00000, 0x0000000087c00000, 0x0000000087d00000|  0%| F|  |TAMS 0x0000000087c00000| PB 0x0000000087c00000| Untracked 
|  59|0x0000000087d00000, 0x0000000087d00000, 0x0000000087e00000|  0%| F|  |TAMS 0x0000000087d00000| PB 0x0000000087d00000| Untracked 
|  60|0x0000000087e00000, 0x0000000087e00000, 0x0000000087f00000|  0%| F|  |TAMS 0x0000000087e00000| PB 0x0000000087e00000| Untracked 
|  61|0x0000000087f00000, 0x0000000087f00000, 0x0000000088000000|  0%| F|  |TAMS 0x0000000087f00000| PB 0x0000000087f00000| Untracked 
|  62|0x0000000088000000, 0x0000000088000000, 0x0000000088100000|  0%| F|  |TAMS 0x0000000088000000| PB 0x0000000088000000| Untracked 
|  63|0x0000000088100000, 0x0000000088100000, 0x0000000088200000|  0%| F|  |TAMS 0x0000000088100000| PB 0x0000000088100000| Untracked 
|  64|0x0000000088200000, 0x0000000088200000, 0x0000000088300000|  0%| F|  |TAMS 0x0000000088200000| PB 0x0000000088200000| Untracked 
|  65|0x0000000088300000, 0x0000000088300000, 0x0000000088400000|  0%| F|  |TAMS 0x0000000088300000| PB 0x0000000088300000| Untracked 
|  66|0x0000000088400000, 0x0000000088400000, 0x0000000088500000|  0%| F|  |TAMS 0x0000000088400000| PB 0x0000000088400000| Untracked 
|  67|0x0000000088500000, 0x0000000088500000, 0x0000000088600000|  0%| F|  |TAMS 0x0000000088500000| PB 0x0000000088500000| Untracked 
|  68|0x0000000088600000, 0x0000000088600000, 0x0000000088700000|  0%| F|  |TAMS 0x0000000088600000| PB 0x0000000088600000| Untracked 
|  69|0x0000000088700000, 0x0000000088700000, 0x0000000088800000|  0%| F|  |TAMS 0x0000000088700000| PB 0x0000000088700000| Untracked 
|  70|0x0000000088800000, 0x0000000088800000, 0x0000000088900000|  0%| F|  |TAMS 0x0000000088800000| PB 0x0000000088800000| Untracked 
|  71|0x0000000088900000, 0x0000000088900000, 0x0000000088a00000|  0%| F|  |TAMS 0x0000000088900000| PB 0x0000000088900000| Untracked 
|  72|0x0000000088a00000, 0x0000000088a00000, 0x0000000088b00000|  0%| F|  |TAMS 0x0000000088a00000| PB 0x0000000088a00000| Untracked 
|  73|0x0000000088b00000, 0x0000000088b00000, 0x0000000088c00000|  0%| F|  |TAMS 0x0000000088b00000| PB 0x0000000088b00000| Untracked 
|  74|0x0000000088c00000, 0x0000000088c00000, 0x0000000088d00000|  0%| F|  |TAMS 0x0000000088c00000| PB 0x0000000088c00000| Untracked 
|  75|0x0000000088d00000, 0x0000000088d00000, 0x0000000088e00000|  0%| F|  |TAMS 0x0000000088d00000| PB 0x0000000088d00000| Untracked 
|  76|0x0000000088e00000, 0x0000000088e00000, 0x0000000088f00000|  0%| F|  |TAMS 0x0000000088e00000| PB 0x0000000088e00000| Untracked 
|  77|0x0000000088f00000, 0x0000000088f00000, 0x0000000089000000|  0%| F|  |TAMS 0x0000000088f00000| PB 0x0000000088f00000| Untracked 
|  78|0x0000000089000000, 0x0000000089000000, 0x0000000089100000|  0%| F|  |TAMS 0x0000000089000000| PB 0x0000000089000000| Untracked 
|  79|0x0000000089100000, 0x0000000089100000, 0x0000000089200000|  0%| F|  |TAMS 0x0000000089100000| PB 0x0000000089100000| Untracked 
|  80|0x0000000089200000, 0x0000000089200000, 0x0000000089300000|  0%| F|  |TAMS 0x0000000089200000| PB 0x0000000089200000| Untracked 
|  81|0x0000000089300000, 0x0000000089300000, 0x0000000089400000|  0%| F|  |TAMS 0x0000000089300000| PB 0x0000000089300000| Untracked 
|  82|0x0000000089400000, 0x0000000089400000, 0x0000000089500000|  0%| F|  |TAMS 0x0000000089400000| PB 0x0000000089400000| Untracked 
|  83|0x0000000089500000, 0x0000000089500000, 0x0000000089600000|  0%| F|  |TAMS 0x0000000089500000| PB 0x0000000089500000| Untracked 
|  84|0x0000000089600000, 0x0000000089600000, 0x0000000089700000|  0%| F|  |TAMS 0x0000000089600000| PB 0x0000000089600000| Untracked 
|  85|0x0000000089700000, 0x0000000089700000, 0x0000000089800000|  0%| F|  |TAMS 0x0000000089700000| PB 0x0000000089700000| Untracked 
|  86|0x0000000089800000, 0x0000000089800000, 0x0000000089900000|  0%| F|  |TAMS 0x0000000089800000| PB 0x0000000089800000| Untracked 
|  87|0x0000000089900000, 0x0000000089900000, 0x0000000089a00000|  0%| F|  |TAMS 0x0000000089900000| PB 0x0000000089900000| Untracked 
|  88|0x0000000089a00000, 0x0000000089a00000, 0x0000000089b00000|  0%| F|  |TAMS 0x0000000089a00000| PB 0x0000000089a00000| Untracked 
|  89|0x0000000089b00000, 0x0000000089b00000, 0x0000000089c00000|  0%| F|  |TAMS 0x0000000089b00000| PB 0x0000000089b00000| Untracked 
|  90|0x0000000089c00000, 0x0000000089c00000, 0x0000000089d00000|  0%| F|  |TAMS 0x0000000089c00000| PB 0x0000000089c00000| Untracked 
|  91|0x0000000089d00000, 0x0000000089d00000, 0x0000000089e00000|  0%| F|  |TAMS 0x0000000089d00000| PB 0x0000000089d00000| Untracked 
|  92|0x0000000089e00000, 0x0000000089e00000, 0x0000000089f00000|  0%| F|  |TAMS 0x0000000089e00000| PB 0x0000000089e00000| Untracked 
|  93|0x0000000089f00000, 0x0000000089f00000, 0x000000008a000000|  0%| F|  |TAMS 0x0000000089f00000| PB 0x0000000089f00000| Untracked 
|  94|0x000000008a000000, 0x000000008a000000, 0x000000008a100000|  0%| F|  |TAMS 0x000000008a000000| PB 0x000000008a000000| Untracked 
|  95|0x000000008a100000, 0x000000008a100000, 0x000000008a200000|  0%| F|  |TAMS 0x000000008a100000| PB 0x000000008a100000| Untracked 
|  96|0x000000008a200000, 0x000000008a200000, 0x000000008a300000|  0%| F|  |TAMS 0x000000008a200000| PB 0x000000008a200000| Untracked 
|  97|0x000000008a300000, 0x000000008a300000, 0x000000008a400000|  0%| F|  |TAMS 0x000000008a300000| PB 0x000000008a300000| Untracked 
|  98|0x000000008a400000, 0x000000008a400000, 0x000000008a500000|  0%| F|  |TAMS 0x000000008a400000| PB 0x000000008a400000| Untracked 
|  99|0x000000008a500000, 0x000000008a500000, 0x000000008a600000|  0%| F|  |TAMS 0x000000008a500000| PB 0x000000008a500000| Untracked 
| 100|0x000000008a600000, 0x000000008a600000, 0x000000008a700000|  0%| F|  |TAMS 0x000000008a600000| PB 0x000000008a600000| Untracked 
| 101|0x000000008a700000, 0x000000008a700000, 0x000000008a800000|  0%| F|  |TAMS 0x000000008a700000| PB 0x000000008a700000| Untracked 
| 102|0x000000008a800000, 0x000000008a800000, 0x000000008a900000|  0%| F|  |TAMS 0x000000008a800000| PB 0x000000008a800000| Untracked 
| 103|0x000000008a900000, 0x000000008a900000, 0x000000008aa00000|  0%| F|  |TAMS 0x000000008a900000| PB 0x000000008a900000| Untracked 
| 104|0x000000008aa00000, 0x000000008aa764a0, 0x000000008ab00000| 46%| E|  |TAMS 0x000000008aa00000| PB 0x000000008aa00000| Complete 
| 105|0x000000008ab00000, 0x000000008ac00000, 0x000000008ac00000|100%| E|CS|TAMS 0x000000008ab00000| PB 0x000000008ab00000| Complete 
| 106|0x000000008ac00000, 0x000000008ad00000, 0x000000008ad00000|100%| E|CS|TAMS 0x000000008ac00000| PB 0x000000008ac00000| Complete 
| 107|0x000000008ad00000, 0x000000008ae00000, 0x000000008ae00000|100%| E|CS|TAMS 0x000000008ad00000| PB 0x000000008ad00000| Complete 
| 108|0x000000008ae00000, 0x000000008af00000, 0x000000008af00000|100%| E|CS|TAMS 0x000000008ae00000| PB 0x000000008ae00000| Complete 
| 109|0x000000008af00000, 0x000000008b000000, 0x000000008b000000|100%| E|CS|TAMS 0x000000008af00000| PB 0x000000008af00000| Complete 
| 110|0x000000008b000000, 0x000000008b100000, 0x000000008b100000|100%| E|CS|TAMS 0x000000008b000000| PB 0x000000008b000000| Complete 
| 111|0x000000008b100000, 0x000000008b200000, 0x000000008b200000|100%| E|CS|TAMS 0x000000008b100000| PB 0x000000008b100000| Complete 
| 112|0x000000008b200000, 0x000000008b300000, 0x000000008b300000|100%| E|  |TAMS 0x000000008b200000| PB 0x000000008b200000| Complete 
| 113|0x000000008b300000, 0x000000008b400000, 0x000000008b400000|100%| E|CS|TAMS 0x000000008b300000| PB 0x000000008b300000| Complete 
| 114|0x000000008b400000, 0x000000008b500000, 0x000000008b500000|100%| E|CS|TAMS 0x000000008b400000| PB 0x000000008b400000| Complete 
| 115|0x000000008b500000, 0x000000008b600000, 0x000000008b600000|100%| E|CS|TAMS 0x000000008b500000| PB 0x000000008b500000| Complete 
| 116|0x000000008b600000, 0x000000008b700000, 0x000000008b700000|100%| E|CS|TAMS 0x000000008b600000| PB 0x000000008b600000| Complete 
| 117|0x000000008b700000, 0x000000008b800000, 0x000000008b800000|100%| E|CS|TAMS 0x000000008b700000| PB 0x000000008b700000| Complete 
| 118|0x000000008b800000, 0x000000008b900000, 0x000000008b900000|100%| E|CS|TAMS 0x000000008b800000| PB 0x000000008b800000| Complete 
| 119|0x000000008b900000, 0x000000008ba00000, 0x000000008ba00000|100%| E|CS|TAMS 0x000000008b900000| PB 0x000000008b900000| Complete 
| 120|0x000000008ba00000, 0x000000008bb00000, 0x000000008bb00000|100%| E|CS|TAMS 0x000000008ba00000| PB 0x000000008ba00000| Complete 
| 121|0x000000008bb00000, 0x000000008bc00000, 0x000000008bc00000|100%| E|CS|TAMS 0x000000008bb00000| PB 0x000000008bb00000| Complete 
| 122|0x000000008bc00000, 0x000000008bd00000, 0x000000008bd00000|100%| E|CS|TAMS 0x000000008bc00000| PB 0x000000008bc00000| Complete 
| 123|0x000000008bd00000, 0x000000008be00000, 0x000000008be00000|100%| E|CS|TAMS 0x000000008bd00000| PB 0x000000008bd00000| Complete 

Card table byte_map: [0x0000024b4d3f0000,0x0000024b4d7d0000] _byte_map_base: 0x0000024b4cfcf000

Marking Bits: (CMBitMap*) 0x0000024b41ada260
 Bits: [0x0000024b4d7d0000, 0x0000024b4f6c8000)

Polling page: 0x0000024b3fa80000

Metaspace:

Usage:
  Non-class:      5.58 MB used.
      Class:    746.32 KB used.
       Both:      6.31 MB used.

Virtual space:
  Non-class space:       64.00 MB reserved,       5.69 MB (  9%) committed,  1 nodes.
      Class space:        1.00 GB reserved,     832.00 KB ( <1%) committed,  1 nodes.
             Both:        1.06 GB reserved,       6.50 MB ( <1%) committed. 

Chunk freelists:
   Non-Class:  10.30 MB
       Class:  15.16 MB
        Both:  25.45 MB

MaxMetaspaceSize: unlimited
CompressedClassSpaceSize: 1.00 GB
Initial GC threshold: 21.00 MB
Current GC threshold: 21.00 MB
CDS: on
 - commit_granule_bytes: 65536.
 - commit_granule_words: 8192.
 - virtual_space_node_default_size: 8388608.
 - enlarge_chunks_in_place: 1.
 - use_allocation_guard: 0.


Internal statistics:

num_allocs_failed_limit: 0.
num_arena_births: 180.
num_arena_deaths: 0.
num_vsnodes_births: 2.
num_vsnodes_deaths: 0.
num_space_committed: 104.
num_space_uncommitted: 0.
num_chunks_returned_to_freelist: 0.
num_chunks_taken_from_freelist: 248.
num_chunk_merges: 0.
num_chunk_splits: 154.
num_chunks_enlarged: 77.
num_inconsistent_stats: 0.

CodeCache: size=49152Kb used=4799Kb max_used=4799Kb free=44352Kb
 bounds [0x0000024b49f00000, 0x0000024b4a3b0000, 0x0000024b4cf00000]
 total_blobs=1727 nmethods=1253 adapters=396
 compilation: disabled (not enough contiguous free space left)
              stopped_count=1, restarted_count=0
 full_count=1

Compilation events (20 events):
Event: 0.624 Thread 0x0000024b523970e0 1241       1       java.lang.invoke.LambdaFormBuffer::changeName (149 bytes)
Event: 0.625 Thread 0x0000024b52396340 1244       1       java.lang.invoke.InvokerBytecodeGenerator::storeInsnOpcode (98 bytes)
Event: 0.625 Thread 0x0000024b523970e0 nmethod 1241 0x0000024b4a3ab790 code [0x0000024b4a3ab940, 0x0000024b4a3abc08]
Event: 0.625 Thread 0x0000024b523970e0 1245       1       java.lang.invoke.LambdaForm::normalizeNames (270 bytes)
Event: 0.625 Thread 0x0000024b52396340 nmethod 1244 0x0000024b4a3abd90 code [0x0000024b4a3abfa0, 0x0000024b4a3ac3e8]
Event: 0.625 Thread 0x0000024b52396340 1246       1       java.lang.ClassLoader::getClassLoadingLock (35 bytes)
Event: 0.625 Thread 0x0000024b52396a10 1247       1       java.lang.ClassLoader::findLoadedClass (15 bytes)
Event: 0.625 Thread 0x0000024b5217f140 1248       1       jdk.internal.loader.BuiltinClassLoader::findLoadedModule (33 bytes)
Event: 0.625 Thread 0x0000024b52396a10 nmethod 1247 0x0000024b4a3ac610 code [0x0000024b4a3ac7c0, 0x0000024b4a3ac918]
Event: 0.625 Thread 0x0000024b52396a10 1249       1       jdk.internal.access.SharedSecrets::javaUtilJarAccess (19 bytes)
Event: 0.625 Thread 0x0000024b52396340 nmethod 1246 0x0000024b4a3aca10 code [0x0000024b4a3acbc0, 0x0000024b4a3acd38]
Event: 0.625 Thread 0x0000024b52396340 1250       1       java.lang.invoke.LambdaForm::returnType (26 bytes)
Event: 0.625 Thread 0x0000024b5217f140 nmethod 1248 0x0000024b4a3ace10 code [0x0000024b4a3acfe0, 0x0000024b4a3ad220]
Event: 0.625 Thread 0x0000024b52396340 nmethod 1250 0x0000024b4a3ad390 code [0x0000024b4a3ad520, 0x0000024b4a3ad658]
Event: 0.625 Thread 0x0000024b52396a10 nmethod 1249 0x0000024b4a3ad710 code [0x0000024b4a3ad900, 0x0000024b4a3adb80]
Event: 0.625 Thread 0x0000024b523970e0 nmethod 1245 0x0000024b4a3add90 code [0x0000024b4a3adfc0, 0x0000024b4a3ae7e8]
Event: 0.626 Thread 0x0000024b523970e0 1251       1       java.util.Arrays::fill (28 bytes)
Event: 0.626 Thread 0x0000024b52396340 1252       1       java.lang.invoke.MethodHandle::intrinsicName (4 bytes)
Event: 0.626 Thread 0x0000024b52396340 nmethod 1252 0x0000024b4a3af210 code [0x0000024b4a3af3a0, 0x0000024b4a3af470]
Event: 0.626 Thread 0x0000024b523970e0 nmethod 1251 0x0000024b4a3af510 code [0x0000024b4a3af6c0, 0x0000024b4a3af8b0]

GC Heap History (0 events):
No events

Dll operation events (11 events):
Event: 0.014 Loaded shared library C:\Program Files\Java\jdk-21\bin\java.dll
Event: 0.137 Loaded shared library C:\Program Files\Java\jdk-21\bin\zip.dll
Event: 0.141 Loaded shared library C:\Program Files\Java\jdk-21\bin\instrument.dll
Event: 0.149 Loaded shared library C:\Program Files\Java\jdk-21\bin\net.dll
Event: 0.152 Loaded shared library C:\Program Files\Java\jdk-21\bin\nio.dll
Event: 0.156 Loaded shared library C:\Program Files\Java\jdk-21\bin\zip.dll
Event: 0.217 Loaded shared library C:\Program Files\Java\jdk-21\bin\jimage.dll
Event: 0.273 Loaded shared library D:\Intellij\IntelliJ IDEA 2024.3\bin\breakgen64.dll
Event: 0.287 Loaded shared library C:\Program Files\Java\jdk-21\bin\extnet.dll
Event: 0.297 Loaded shared library C:\Program Files\Java\jdk-21\bin\management.dll
Event: 0.321 Loaded shared library C:\Program Files\Java\jdk-21\bin\management_ext.dll

Deoptimization events (0 events):
No events

Classes loaded (20 events):
Event: 0.626 Loading class javax/management/ReflectionException
Event: 0.626 Loading class javax/management/ReflectionException done
Event: 0.626 Loading class javax/management/InstanceAlreadyExistsException
Event: 0.626 Loading class javax/management/InstanceAlreadyExistsException done
Event: 0.626 Loading class javax/management/MBeanRegistrationException
Event: 0.626 Loading class javax/management/MBeanException
Event: 0.626 Loading class javax/management/MBeanException done
Event: 0.626 Loading class javax/management/MBeanRegistrationException done
Event: 0.626 Loading class javax/management/NotCompliantMBeanException
Event: 0.626 Loading class javax/management/NotCompliantMBeanException done
Event: 0.626 Loading class javax/management/AttributeList
Event: 0.627 Loading class javax/management/AttributeList done
Event: 0.627 Loading class java/lang/Throwable$WrappedPrintStream
Event: 0.627 Loading class java/lang/Throwable$PrintStreamOrWriter
Event: 0.627 Loading class java/lang/Throwable$PrintStreamOrWriter done
Event: 0.627 Loading class java/lang/Throwable$WrappedPrintStream done
Event: 0.627 Loading class javax/management/IntrospectionException
Event: 0.627 Loading class javax/management/IntrospectionException done
Event: 0.627 Loading class javax/management/remote/NotificationResult
Event: 0.627 Loading class java/lang/StackTraceElement$HashedModules

Classes unloaded (0 events):
No events

Classes redefined (0 events):
No events

Internal exceptions (18 events):
Event: 0.262 Thread 0x0000024b3f98ad40 Exception <a 'java/lang/NoSuchMethodError'{0x000000008b55f858}: 'void java.lang.invoke.DirectMethodHandle$Holder.invokeStatic(java.lang.Object, java.lang.Object, java.lang.Object)'> (0x000000008b55f858) 
thrown [s\open\src\hotspot\share\interpreter\linkResolver.cpp, line 773]
Event: 0.268 Thread 0x0000024b3f98ad40 Exception <a 'java/lang/NoSuchMethodError'{0x000000008b576de0}: 'java.lang.Object java.lang.invoke.Invokers$Holder.invokeExact_MT(java.lang.Object, java.lang.Object, java.lang.Object, java.lang.Object, java.lang.Object)'> (0x000000008b576de0) 
thrown [s\open\src\hotspot\share\interpreter\linkResolver.cpp, line 773]
Event: 0.270 Thread 0x0000024b52178e30 Exception <a 'java/lang/NoSuchMethodError'{0x000000008b5cf358}: 'java.lang.Object java.lang.invoke.Invokers$Holder.invokeExact_MT(java.lang.Object, java.lang.Object, java.lang.Object, java.lang.Object, java.lang.Object, java.lang.Object)'> (0x000000008b5cf358) 
thrown [s\open\src\hotspot\share\interpreter\linkResolver.cpp, line 773]
Event: 0.288 Thread 0x0000024b527eea80 Exception <a 'java/lang/NoSuchMethodError'{0x000000008b407f18}: 'void java.lang.invoke.DirectMethodHandle$Holder.invokeStatic(java.lang.Object, java.lang.Object)'> (0x000000008b407f18) 
thrown [s\open\src\hotspot\share\interpreter\linkResolver.cpp, line 773]
Event: 0.325 Thread 0x0000024b52178e30 Exception <a 'java/lang/NoSuchMethodError'{0x000000008b477920}: 'int java.lang.invoke.DirectMethodHandle$Holder.invokeInterface(java.lang.Object, java.lang.Object)'> (0x000000008b477920) 
thrown [s\open\src\hotspot\share\interpreter\linkResolver.cpp, line 773]
Event: 0.325 Thread 0x0000024b52178e30 Exception <a 'java/lang/IncompatibleClassChangeError'{0x000000008b47ab30}: Found class java.lang.Object, but interface was expected> (0x000000008b47ab30) 
thrown [s\open\src\hotspot\share\interpreter\linkResolver.cpp, line 840]
Event: 0.378 Thread 0x0000024b52178e30 Exception <a 'java/lang/NoSuchMethodError'{0x000000008b355428}: 'int java.lang.invoke.DirectMethodHandle$Holder.invokeSpecial(java.lang.Object, java.lang.Object, java.lang.Object)'> (0x000000008b355428) 
thrown [s\open\src\hotspot\share\interpreter\linkResolver.cpp, line 773]
Event: 0.417 Thread 0x0000024b52178e30 Exception <a 'java/lang/NoSuchMethodError'{0x000000008b2985c0}: 'java.lang.Object java.lang.invoke.DirectMethodHandle$Holder.invokeStaticInit(java.lang.Object, java.lang.Object, java.lang.Object)'> (0x000000008b2985c0) 
thrown [s\open\src\hotspot\share\interpreter\linkResolver.cpp, line 773]
Event: 0.523 Thread 0x0000024b52178e30 Exception <a 'java/lang/NoSuchMethodError'{0x000000008ae02fc8}: 'java.lang.Object java.lang.invoke.DirectMethodHandle$Holder.invokeStaticInit(java.lang.Object, int, int, int, int)'> (0x000000008ae02fc8) 
thrown [s\open\src\hotspot\share\interpreter\linkResolver.cpp, line 773]
Event: 0.532 Thread 0x0000024b52178e30 Exception <a 'java/lang/NoSuchMethodError'{0x000000008ae25088}: 'java.lang.Object java.lang.invoke.DirectMethodHandle$Holder.invokeStaticInit(java.lang.Object, java.lang.Object, int, int, int, int)'> (0x000000008ae25088) 
thrown [s\open\src\hotspot\share\interpreter\linkResolver.cpp, line 773]
Event: 0.549 Thread 0x0000024b52178e30 Exception <a 'java/lang/ClassNotFoundException'{0x000000008ae42228}: javax/management/remote/rmi/RMIServerImpl_Skel> (0x000000008ae42228) 
thrown [s\open\src\hotspot\share\classfile\systemDictionary.cpp, line 312]
Event: 0.563 Thread 0x0000024b52178e30 Exception <a 'java/lang/NoSuchMethodError'{0x000000008ae5d410}: 'long java.lang.invoke.DirectMethodHandle$Holder.invokeSpecial(java.lang.Object, java.lang.Object)'> (0x000000008ae5d410) 
thrown [s\open\src\hotspot\share\interpreter\linkResolver.cpp, line 773]
Event: 0.563 Thread 0x0000024b52178e30 Exception <a 'java/lang/NoSuchMethodError'{0x000000008ae60ae8}: 'long java.lang.invoke.Invokers$Holder.invokeExact_MT(java.lang.Object, java.lang.Object)'> (0x000000008ae60ae8) 
thrown [s\open\src\hotspot\share\interpreter\linkResolver.cpp, line 773]
Event: 0.569 Thread 0x0000024b52178e30 Exception <a 'java/lang/NoSuchMethodError'{0x000000008aeefaa8}: 'void java.lang.invoke.DirectMethodHandle$Holder.invokeSpecial(java.lang.Object, java.lang.Object, java.lang.Object)'> (0x000000008aeefaa8) 
thrown [s\open\src\hotspot\share\interpreter\linkResolver.cpp, line 773]
Event: 0.616 Thread 0x0000024b529adfb0 Exception <a 'java/lang/NoSuchMethodError'{0x000000008acd4770}: static [B.<clinit>()V> (0x000000008acd4770) 
thrown [s\open\src\hotspot\share\prims\jni.cpp, line 1111]
Event: 0.619 Thread 0x0000024b529adfb0 Exception <a 'java/lang/NoSuchMethodError'{0x000000008acd87a8}: 'java.lang.Object java.lang.invoke.DirectMethodHandle$Holder.invokeInterface(java.lang.Object, java.lang.Object, java.lang.Object)'> (0x000000008acd87a8) 
thrown [s\open\src\hotspot\share\interpreter\linkResolver.cpp, line 773]
Event: 0.626 Thread 0x0000024b52a27600 Exception <a 'java/lang/VirtualMachineError'{0x000000008aa0c8b8}: Out of space in CodeCache for adapters> (0x000000008aa0c8b8) 
thrown [s\open\src\hotspot\share\oops\method.cpp, line 1260]
Event: 0.626 Thread 0x0000024b52a27600 Exception <a 'java/lang/NoSuchMethodError'{0x000000008aa0cc50}: 'long java.lang.invoke.MethodHandle.linkToSpecial(java.lang.Object, long, java.lang.Object, java.lang.Object, long, java.lang.invoke.MemberName)'> (0x000000008aa0cc50) 
thrown [s\open\src\hotspot\share\interpreter\linkResolver.cpp, line 773]

ZGC Phase Switch (0 events):
No events

VM Operations (20 events):
Event: 0.227 Executing VM operation: HandshakeAllThreads (Deoptimize)
Event: 0.227 Executing VM operation: HandshakeAllThreads (Deoptimize) done
Event: 0.271 Executing VM operation: HandshakeAllThreads (Deoptimize)
Event: 0.271 Executing VM operation: HandshakeAllThreads (Deoptimize) done
Event: 0.277 Executing VM operation: HandshakeAllThreads (Deoptimize)
Event: 0.277 Executing VM operation: HandshakeAllThreads (Deoptimize) done
Event: 0.312 Executing VM operation: HandshakeAllThreads (Deoptimize)
Event: 0.312 Executing VM operation: HandshakeAllThreads (Deoptimize) done
Event: 0.502 Executing VM operation: HandshakeAllThreads (Deoptimize)
Event: 0.502 Executing VM operation: HandshakeAllThreads (Deoptimize) done
Event: 0.547 Executing VM operation: HandshakeAllThreads (Deoptimize)
Event: 0.547 Executing VM operation: HandshakeAllThreads (Deoptimize) done
Event: 0.573 Executing VM operation: HandshakeAllThreads (Deoptimize)
Event: 0.573 Executing VM operation: HandshakeAllThreads (Deoptimize) done
Event: 0.609 Executing VM operation: HandshakeAllThreads (Deoptimize)
Event: 0.609 Executing VM operation: HandshakeAllThreads (Deoptimize) done
Event: 0.612 Executing VM operation: HandshakeAllThreads (Deoptimize)
Event: 0.612 Executing VM operation: HandshakeAllThreads (Deoptimize) done
Event: 0.627 Executing VM operation: HandshakeAllThreads (Deoptimize)
Event: 0.627 Executing VM operation: HandshakeAllThreads (Deoptimize) done

Events (18 events):
Event: 0.033 Thread 0x0000024b3f98ad40 Thread added: 0x0000024b3f98ad40
Event: 0.050 Thread 0x0000024b52174bf0 Thread added: 0x0000024b52174bf0
Event: 0.050 Thread 0x0000024b52175900 Thread added: 0x0000024b52175900
Event: 0.050 Thread 0x0000024b52176f00 Thread added: 0x0000024b52176f00
Event: 0.050 Thread 0x0000024b52178e30 Thread added: 0x0000024b52178e30
Event: 0.050 Thread 0x0000024b52179970 Thread added: 0x0000024b52179970
Event: 0.051 Thread 0x0000024b5217c4c0 Thread added: 0x0000024b5217c4c0
Event: 0.051 Thread 0x0000024b5217f140 Thread added: 0x0000024b5217f140
Event: 0.119 Thread 0x0000024b5214d8e0 Thread added: 0x0000024b5214d8e0
Event: 0.125 Thread 0x0000024b523970e0 Thread added: 0x0000024b523970e0
Event: 0.206 Thread 0x0000024b52396a10 Thread added: 0x0000024b52396a10
Event: 0.207 Thread 0x0000024b52396340 Thread added: 0x0000024b52396340
Event: 0.274 Thread 0x0000024b527eea80 Thread added: 0x0000024b527eea80
Event: 0.274 Thread 0x0000024b527f3d80 Thread added: 0x0000024b527f3d80
Event: 0.559 Thread 0x0000024b5299a240 Thread added: 0x0000024b5299a240
Event: 0.596 Thread 0x0000024b529adfb0 Thread added: 0x0000024b529adfb0
Event: 0.615 Thread 0x0000024b52a21780 Thread added: 0x0000024b52a21780
Event: 0.625 Thread 0x0000024b52a27600 Thread added: 0x0000024b52a27600


Dynamic libraries:
0x00007ff6c4a10000 - 0x00007ff6c4a20000 	C:\Program Files\Java\jdk-21\bin\java.exe
0x00007ffdf27f0000 - 0x00007ffdf2a07000 	C:\Windows\SYSTEM32\ntdll.dll
0x00007ffdf1390000 - 0x00007ffdf1454000 	C:\Windows\System32\KERNEL32.DLL
0x00007ffdf0090000 - 0x00007ffdf0449000 	C:\Windows\System32\KERNELBASE.dll
0x00007ffdeff10000 - 0x00007ffdf0021000 	C:\Windows\System32\ucrtbase.dll
0x00007ffdba620000 - 0x00007ffdba63b000 	C:\Program Files\Java\jdk-21\bin\VCRUNTIME140.dll
0x00007ffd8ea60000 - 0x00007ffd8ea79000 	C:\Program Files\Java\jdk-21\bin\jli.dll
0x00007ffdf1580000 - 0x00007ffdf1632000 	C:\Windows\System32\ADVAPI32.dll
0x00007ffdf0fd0000 - 0x00007ffdf1077000 	C:\Windows\System32\msvcrt.dll
0x00007ffdf12b0000 - 0x00007ffdf1357000 	C:\Windows\System32\sechost.dll
0x00007ffdf0060000 - 0x00007ffdf0088000 	C:\Windows\System32\bcrypt.dll
0x00007ffdf1cc0000 - 0x00007ffdf1dd4000 	C:\Windows\System32\RPCRT4.dll
0x00007ffdf1080000 - 0x00007ffdf122e000 	C:\Windows\System32\USER32.dll
0x00007ffdf0030000 - 0x00007ffdf0056000 	C:\Windows\System32\win32u.dll
0x00007ffddc340000 - 0x00007ffddc5d2000 	C:\Windows\WinSxS\amd64_microsoft.windows.common-controls_6595b64144ccf1df_6.0.22621.4391_none_2715d37f73803e96\COMCTL32.dll
0x00007ffdf1650000 - 0x00007ffdf1679000 	C:\Windows\System32\GDI32.dll
0x00007ffdefcd0000 - 0x00007ffdefdeb000 	C:\Windows\System32\gdi32full.dll
0x00007ffdefdf0000 - 0x00007ffdefe8a000 	C:\Windows\System32\msvcp_win.dll
0x00007ffdeaeb0000 - 0x00007ffdeaeba000 	C:\Windows\SYSTEM32\VERSION.dll
0x00007ffdf14f0000 - 0x00007ffdf1521000 	C:\Windows\System32\IMM32.DLL
0x00007ffdc59e0000 - 0x00007ffdc59ec000 	C:\Program Files\Java\jdk-21\bin\vcruntime140_1.dll
0x00007ffd8e510000 - 0x00007ffd8e59e000 	C:\Program Files\Java\jdk-21\bin\msvcp140.dll
0x00007ffd81520000 - 0x00007ffd82238000 	C:\Program Files\Java\jdk-21\bin\server\jvm.dll
0x00007ffdee940000 - 0x00007ffdee98d000 	C:\Windows\SYSTEM32\POWRPROF.dll
0x00007ffdf06d0000 - 0x00007ffdf0741000 	C:\Windows\System32\WS2_32.dll
0x00007ffdeb020000 - 0x00007ffdeb054000 	C:\Windows\SYSTEM32\WINMM.dll
0x00007ffdee920000 - 0x00007ffdee933000 	C:\Windows\SYSTEM32\UMPDC.dll
0x00007ffdeebe0000 - 0x00007ffdeebf8000 	C:\Windows\SYSTEM32\kernel.appcore.dll
0x00007ffdc5760000 - 0x00007ffdc576a000 	C:\Program Files\Java\jdk-21\bin\jimage.dll
0x00007ffdece70000 - 0x00007ffded0a2000 	C:\Windows\SYSTEM32\DBGHELP.DLL
0x00007ffdf20a0000 - 0x00007ffdf242f000 	C:\Windows\System32\combase.dll
0x00007ffdf1e00000 - 0x00007ffdf1ed7000 	C:\Windows\System32\OLEAUT32.dll
0x00007ffdd8380000 - 0x00007ffdd83b2000 	C:\Windows\SYSTEM32\dbgcore.DLL
0x00007ffdefe90000 - 0x00007ffdeff0b000 	C:\Windows\System32\bcryptPrimitives.dll
0x00007ffdeb060000 - 0x00007ffdeb06f000 	C:\Program Files\Java\jdk-21\bin\instrument.dll
0x00007ffd8e4f0000 - 0x00007ffd8e50f000 	C:\Program Files\Java\jdk-21\bin\java.dll
0x00007ffdf0750000 - 0x00007ffdf0fc6000 	C:\Windows\System32\SHELL32.dll
0x00007ffded9f0000 - 0x00007ffdee2f3000 	C:\Windows\SYSTEM32\windows.storage.dll
0x00007ffded8b0000 - 0x00007ffded9ef000 	C:\Windows\SYSTEM32\wintypes.dll
0x00007ffdf24f0000 - 0x00007ffdf25e9000 	C:\Windows\System32\SHCORE.dll
0x00007ffdf2490000 - 0x00007ffdf24ee000 	C:\Windows\System32\shlwapi.dll
0x00007ffdefa20000 - 0x00007ffdefa4b000 	C:\Windows\SYSTEM32\profapi.dll
0x00007ffd8e4b0000 - 0x00007ffd8e4c8000 	C:\Program Files\Java\jdk-21\bin\zip.dll
0x00007ffdc47d0000 - 0x00007ffdc47e0000 	C:\Program Files\Java\jdk-21\bin\net.dll
0x00007ffdec4c0000 - 0x00007ffdec5f6000 	C:\Windows\SYSTEM32\WINHTTP.dll
0x00007ffdef050000 - 0x00007ffdef0b9000 	C:\Windows\system32\mswsock.dll
0x00007ffd8e4d0000 - 0x00007ffd8e4e6000 	C:\Program Files\Java\jdk-21\bin\nio.dll
0x00007ffde5fa0000 - 0x00007ffde5fba000 	D:\Intellij\IntelliJ IDEA 2024.3\bin\breakgen64.dll
0x00007ffdee600000 - 0x00007ffdee702000 	C:\Windows\SYSTEM32\DNSAPI.dll
0x00007ffdee5d0000 - 0x00007ffdee5fd000 	C:\Windows\SYSTEM32\IPHLPAPI.DLL
0x00007ffdf1680000 - 0x00007ffdf1689000 	C:\Windows\System32\NSI.dll
0x00007ffdeafd0000 - 0x00007ffdeafda000 	C:\Windows\System32\rasadhlp.dll
0x00007ffdc35e0000 - 0x00007ffdc35e9000 	C:\Program Files\Java\jdk-21\bin\extnet.dll
0x00007ffdeb310000 - 0x00007ffdeb393000 	C:\Windows\System32\fwpuclnt.dll
0x00007ffdeaed0000 - 0x00007ffdeaeda000 	C:\Program Files\Java\jdk-21\bin\management.dll
0x00007ffde6150000 - 0x00007ffde615b000 	C:\Program Files\Java\jdk-21\bin\management_ext.dll
0x00007ffdf1380000 - 0x00007ffdf1388000 	C:\Windows\System32\PSAPI.DLL
0x00007ffdef3a0000 - 0x00007ffdef3bb000 	C:\Windows\SYSTEM32\CRYPTSP.dll
0x00007ffdeeb40000 - 0x00007ffdeeb75000 	C:\Windows\system32\rsaenh.dll
0x00007ffdef0f0000 - 0x00007ffdef118000 	C:\Windows\SYSTEM32\USERENV.dll
0x00007ffdef380000 - 0x00007ffdef38c000 	C:\Windows\SYSTEM32\CRYPTBASE.dll
0x00007ffdce010000 - 0x00007ffdce027000 	C:\Windows\system32\napinsp.dll
0x00007ffdcdfd0000 - 0x00007ffdcdfeb000 	C:\Windows\system32\pnrpnsp.dll
0x00007ffdcdd10000 - 0x00007ffdcdd21000 	C:\Windows\System32\winrnr.dll
0x00007ffdcdcf0000 - 0x00007ffdcdd05000 	C:\Windows\system32\wshbth.dll
0x00007ffdcdcc0000 - 0x00007ffdcdce7000 	C:\Windows\system32\nlansp_c.dll

dbghelp: loaded successfully - version: 4.0.5 - missing functions: none
symbol engine: initialized successfully - sym options: 0x614 - pdb path: .;C:\Program Files\Java\jdk-21\bin;C:\Windows\SYSTEM32;C:\Windows\WinSxS\amd64_microsoft.windows.common-controls_6595b64144ccf1df_6.0.22621.4391_none_2715d37f73803e96;C:\Program Files\Java\jdk-21\bin\server;D:\Intellij\IntelliJ IDEA 2024.3\bin

VM Arguments:
jvm_args: -XX:TieredStopAtLevel=1 -Dspring.output.ansi.enabled=always -Dcom.sun.management.jmxremote -Dspring.jmx.enabled=true -Dspring.liveBeansView.mbeanDomain -Dspring.application.admin.enabled=true -Dmanagement.endpoints.jmx.exposure.include=* -javaagent:D:\Intellij\IntelliJ IDEA 2024.3\lib\idea_rt.jar=52434:D:\Intellij\IntelliJ IDEA 2024.3\bin -Dfile.encoding=UTF-8 -Dsun.stdout.encoding=UTF-8 -Dsun.stderr.encoding=UTF-8 
java_command: com.example.book.BookApplication
java_class_path (initial): D:\Ki5\JavaNC\Main\book\book\target\classes;C:\Users\honga\.m2\repository\org\springframework\boot\spring-boot-starter-data-jdbc\3.4.0\spring-boot-starter-data-jdbc-3.4.0.jar;C:\Users\honga\.m2\repository\org\springframework\boot\spring-boot-starter-jdbc\3.4.0\spring-boot-starter-jdbc-3.4.0.jar;C:\Users\honga\.m2\repository\com\zaxxer\HikariCP\5.1.0\HikariCP-5.1.0.jar;C:\Users\honga\.m2\repository\org\springframework\spring-jdbc\6.2.0\spring-jdbc-6.2.0.jar;C:\Users\honga\.m2\repository\org\springframework\data\spring-data-jdbc\3.4.0\spring-data-jdbc-3.4.0.jar;C:\Users\honga\.m2\repository\org\springframework\data\spring-data-relational\3.4.0\spring-data-relational-3.4.0.jar;C:\Users\honga\.m2\repository\org\springframework\data\spring-data-commons\3.4.0\spring-data-commons-3.4.0.jar;C:\Users\honga\.m2\repository\org\springframework\spring-tx\6.2.0\spring-tx-6.2.0.jar;C:\Users\honga\.m2\repository\org\springframework\spring-context\6.2.0\spring-context-6.2.0.jar;C:\Users\honga\.m2\repository\org\springframework\spring-beans\6.2.0\spring-beans-6.2.0.jar;C:\Users\honga\.m2\repository\org\slf4j\slf4j-api\2.0.16\slf4j-api-2.0.16.jar;C:\Users\honga\.m2\repository\org\springframework\boot\spring-boot-starter-data-jpa\3.4.0\spring-boot-starter-data-jpa-3.4.0.jar;C:\Users\honga\.m2\repository\org\springframework\boot\spring-boot-starter\3.4.0\spring-boot-starter-3.4.0.jar;C:\Users\honga\.m2\repository\org\springframework\boot\spring-boot-starter-logging\3.4.0\spring-boot-starter-logging-3.4.0.jar;C:\Users\honga\.m2\repository\ch\qos\logback\logback-classic\1.5.12\logback-classic-1.5.12.jar;C:\Users\honga\.m2\repository\ch\qos\logback\logback-core\1.5.12\logback-core-1.5.12.jar;C:\Users\honga\.m2\repository\org\apache\logging\log4j\log4j-to-slf4j\2.24.1\log4j-to-slf4j-2.24.1.jar;C:\Users\honga\.m2\repository\org\apache\logging\log4j\log4j-api\2.24.1\log4j-api-2.24.1.jar;C:\Users\honga\.m2\repository\org\slf4j\jul-to-slf4j\2.0.16\jul-to-slf4j-2.0.16.jar;C:\Users\honga\.m2\repository\jakarta\annotation\jakarta.annotation-api\2.1.1\jakarta.annotation-api-2.1.1.jar;C:\Users\honga\.m2\repository\org\yaml\snakeyaml\2.3\snakeyaml-2.3.jar;C:\Users\honga\.m2\repository\org\hibernate\orm\hibernate-core\6.6.2.Final\hibernate-core-6.6.2.Final.jar;C:\Users\honga\.m2\repository\jakarta\persistence\jakarta.persistence-api\3.1.0\jakarta.persistence-api-3.1.0.jar;C:\Users\honga\.m2\repository\jakarta\transaction\jakarta.transaction-api\2.0.1\jakarta.transaction-api-2.0.1.jar;C:\Users\honga\.m2\repository\org\jboss\logging\jboss-logging\3.6.1.Final\jboss-logging-3.6.1.Final.jar;C:\Users\honga\.m2\repository\org\hibernate\common\hibernate-commons-annotations\7.0.3.Final\hibernate-commons-annotations-7.0.3.Final.jar;C:\Users\honga\.m2\repository\io\smallrye\jandex\3.2.0\jandex-3.2.0.jar;C:\Users\honga\.m2\repository\com\fasterxml\classmate\1.7.0\classmate-1.7.0.jar;C:\Users\honga\.m2\repository\net\bytebuddy\byte-buddy\1.15.10\byte-buddy-1.15.10.jar;C:\Users\honga\.m2\repository\org\glassfish\jaxb\jaxb-runtime\4.0.5\jaxb-runtime-4.0.5.jar;C:\Users\honga\.m2\repository\org\glassfish\jaxb\jaxb-core\4.0.5\jaxb-core-4.0.5.jar;C:\Users\honga\.m2\repository\org\eclipse\angus\angus-activation\2.0.2\angus-activation-2.0.2.jar;C:\Users\honga\.m2\repository\org\glassfish\jaxb\txw2\4.0.5\txw2-4.0.5.jar;C:\Users\honga\.m2\repository\com\sun\istack\istack-commons-runtime\4.1.2\istack-commons-runtime-4.1.2.jar;C:\Users\honga\.m2\repository\jakarta\inject\jakarta.inject-api\2.0.1\jakarta.inject-api-2.0.1.jar;C:\Users\honga\.m2\repository\org\antlr\antlr4-runtime\4.13.0\antlr4-runtime-4.13.0.jar;C:\Users\honga\.m2\repository\org\springframework\data\spring-data-jpa\3.4.0\spring-data-jpa-3.4.0.jar;C:\Users\honga\.m2\repository\org\springframework\spring-orm\6.2.0\spring-orm-6.2.0.jar;C:\Users\honga\.m2\repository\org\springframework\spring-aop\6.2.0\spring-aop-6.2.0.jar;C:\Users\honga\.m2\repository\org\springframework\spring-aspects\6.2.0\spring-aspects-6.2.0.jar;C:\Users\honga\.m2\repository\org\aspectj\aspectjweaver\1.9.22.1\aspectjweaver-1.9.22.1.jar;C:\Users\honga\.m2\repository\org\springframework\boot\spring-boot-starter-validation\3.4.0\spring-boot-starter-validation-3.4.0.jar;C:\Users\honga\.m2\repository\org\apache\tomcat\embed\tomcat-embed-el\10.1.33\tomcat-embed-el-10.1.33.jar;C:\Users\honga\.m2\repository\org\hibernate\validator\hibernate-validator\8.0.1.Final\hibernate-validator-8.0.1.Final.jar;C:\Users\honga\.m2\repository\jakarta\validation\jakarta.validation-api\3.0.2\jakarta.validation-api-3.0.2.jar;C:\Users\honga\.m2\repository\org\springframework\boot\spring-boot-starter-web\3.4.0\spring-boot-starter-web-3.4.0.jar;C:\Users\honga\.m2\repository\org\springframework\boot\spring-boot-starter-json\3.4.0\spring-boot-starter-json-3.4.0.jar;C:\Users\honga\.m2\repository\com\fasterxml\jackson\core\jackson-databind\2.18.1\jackson-databind-2.18.1.jar;C:\Users\honga\.m2\repository\com\fasterxml\jackson\core\jackson-annotations\2.18.1\jackson-annotations-2.18.1.jar;C:\Users\honga\.m2\repository\com\fasterxml\jackson\core\jackson-core\2.18.1\jackson-core-2.18.1.jar;C:\Users\honga\.m2\repository\com\fasterxml\jackson\datatype\jackson-datatype-jdk8\2.18.1\jackson-datatype-jdk8-2.18.1.jar;C:\Users\honga\.m2\repository\com\fasterxml\jackson\datatype\jackson-datatype-jsr310\2.18.1\jackson-datatype-jsr310-2.18.1.jar;C:\Users\honga\.m2\repository\com\fasterxml\jackson\module\jackson-module-parameter-names\2.18.1\jackson-module-parameter-names-2.18.1.jar;C:\Users\honga\.m2\repository\org\springframework\boot\spring-boot-starter-tomcat\3.4.0\spring-boot-starter-tomcat-3.4.0.jar;C:\Users\honga\.m2\repository\org\apache\tomcat\embed\tomcat-embed-core\10.1.33\tomcat-embed-core-10.1.33.jar;C:\Users\honga\.m2\repository\org\apache\tomcat\embed\tomcat-embed-websocket\10.1.33\tomcat-embed-websocket-10.1.33.jar;C:\Users\honga\.m2\repository\org\springframework\spring-web\6.2.0\spring-web-6.2.0.jar;C:\Users\honga\.m2\repository\io\micrometer\micrometer-observation\1.14.1\micrometer-observation-1.14.1.jar;C:\Users\honga\.m2\repository\io\micrometer\micrometer-commons\1.14.1\micrometer-commons-1.14.1.jar;C:\Users\honga\.m2\repository\org\springframework\spring-webmvc\6.2.0\spring-webmvc-6.2.0.jar;C:\Users\honga\.m2\repository\org\springframework\spring-expression\6.2.0\spring-expression-6.2.0.jar;C:\Users\honga\.m2\repository\org\springframework\boot\spring-boot-devtools\3.4.0\spring-boot-devtools-3.4.0.jar;C:\Users\honga\.m2\repository\org\springframework\boot\spring-boot\3.4.0\spring-boot-3.4.0.jar;C:\Users\honga\.m2\repository\org\springframework\boot\spring-boot-autoconfigure\3.4.0\spring-boot-autoconfigure-3.4.0.jar;C:\Users\honga\.m2\repository\com\mysql\mysql-connector-j\9.1.0\mysql-connector-j-9.1.0.jar;C:\Users\honga\.m2\repository\org\projectlombok\lombok\1.18.36\lombok-1.18.36.jar;C:\Users\honga\.m2\repository\jakarta\xml\bind\jakarta.xml.bind-api\4.0.2\jakarta.xml.bind-api-4.0.2.jar;C:\Users\honga\.m2\repository\jakarta\activation\jakarta.activation-api\2.1.3\jakarta.activation-api-2.1.3.jar;C:\Users\honga\.m2\repository\org\springframework\spring-core\6.2.0\spring-core-6.2.0.jar;C:\Users\honga\.m2\repository\org\springframework\spring-jcl\6.2.0\spring-jcl-6.2.0.jar
Launcher Type: SUN_STANDARD

[Global flags]
     intx CICompilerCount                          = 4                                         {product} {ergonomic}
     uint ConcGCThreads                            = 2                                         {product} {ergonomic}
     uint G1ConcRefinementThreads                  = 8                                         {product} {ergonomic}
   size_t G1HeapRegionSize                         = 1048576                                   {product} {ergonomic}
    uintx GCDrainStackTargetSize                   = 64                                        {product} {ergonomic}
   size_t InitialHeapSize                          = 130023424                                 {product} {ergonomic}
     bool ManagementServer                         = true                                      {product} {command line}
   size_t MarkStackSize                            = 4194304                                   {product} {ergonomic}
   size_t MaxHeapSize                              = 2078277632                                {product} {ergonomic}
   size_t MaxNewSize                               = 1246756864                                {product} {ergonomic}
   size_t MinHeapDeltaBytes                        = 1048576                                   {product} {ergonomic}
   size_t MinHeapSize                              = 8388608                                   {product} {ergonomic}
    uintx NonNMethodCodeHeapSize                   = 4096                                   {pd product} {ergonomic}
    uintx NonProfiledCodeHeapSize                  = 0                                      {pd product} {ergonomic}
     bool ProfileInterpreter                       = false                                  {pd product} {command line}
    uintx ProfiledCodeHeapSize                     = 0                                      {pd product} {ergonomic}
   size_t SoftMaxHeapSize                          = 2078277632                             {manageable} {ergonomic}
     intx TieredStopAtLevel                        = 1                                         {product} {command line}
     bool UseCompressedOops                        = true                           {product lp64_product} {ergonomic}
     bool UseG1GC                                  = true                                      {product} {ergonomic}
     bool UseLargePagesIndividualAllocation        = false                                  {pd product} {ergonomic}

Logging:
Log output configuration:
 #0: stdout all=warning uptime,level,tags foldmultilines=false
 #1: stderr all=off uptime,level,tags foldmultilines=false

Environment Variables:
JAVA_HOME=C:\Program Files\Java\jdk-21
PATH=C:\Program Files (x86)\VMware\VMware Workstation\bin\;C:\Program Files\Common Files\Oracle\Java\javapath;C:\Windows\system32;C:\Windows;C:\Windows\System32\Wbem;C:\Windows\System32\WindowsPowerShell\v1.0\;C:\Windows\System32\OpenSSH\;C:\Program Files\Java\jdk-21\bin;C:\Program Files (x86)\Microsoft SQL Server\160\Tools\Binn\;C:\Program Files\Microsoft SQL Server\160\Tools\Binn\;C:\Program Files\Microsoft SQL Server\Client SDK\ODBC\170\Tools\Binn\;C:\Program Files\Microsoft SQL Server\160\DTS\Binn\;C:\Program Files (x86)\Microsoft SQL Server\160\DTS\Binn\;C:\Program Files\Azure Data Studio\bin;C:\Program Files\nodejs\;C:\Program Files\dotnet\;D:\git\Git\cmd;C:\Program Files\Microsoft SQL Server\150\Tools\Binn\;C:\Program Files (x86)\Rational1\common;C:\Users\honga\AppData\Local\Programs\Python\Python311\Scripts\;C:\Users\honga\AppData\Local\Programs\Python\Python311\;C:\Users\honga\AppData\Local\Microsoft\WindowsApps;;C:\Users\honga\AppData\Local\Programs\Microsoft VS Code\bin;C:\Program Files\Azure Data Studio\bin;C:\Users\honga\AppData\Roaming\npm;C:\Users\honga\.dotnet\tools
USERNAME=admin
OS=Windows_NT
PROCESSOR_IDENTIFIER=Intel64 Family 6 Model 140 Stepping 1, GenuineIntel
TMP=C:\Users\honga\AppData\Local\Temp
TEMP=C:\Users\honga\AppData\Local\Temp




Periodic native trim disabled

---------------  S Y S T E M  ---------------

OS:
 Windows 11 , 64 bit Build 22621 (10.0.22621.4391)
OS uptime: 0 days 7:03 hours
Hyper-V role detected

CPU: total 8 (initial active 8) (4 cores per cpu, 2 threads per core) family 6 model 140 stepping 1 microcode 0xb8, cx8, cmov, fxsr, ht, mmx, 3dnowpref, sse, sse2, sse3, ssse3, sse4.1, sse4.2, popcnt, lzcnt, tsc, tscinvbit, avx, avx2, aes, erms, clmul, bmi1, bmi2, adx, avx512f, avx512dq, avx512cd, avx512bw, avx512vl, sha, fma, vzeroupper, avx512_vpopcntdq, avx512_vpclmulqdq, avx512_vaes, avx512_vnni, clflush, clflushopt, clwb, avx512_vbmi2, avx512_vbmi, hv, rdtscp, rdpid, fsrm, gfni, avx512_bitalg, f16c, cet_ibt, cet_ss, avx512_ifma
Processor Information for all 8 processors :
  Max Mhz: 2419, Current Mhz: 2419, Mhz Limit: 2419

Memory: 4k page, system-wide physical 7926M (630M free)
TotalPageFile size 16018M (AvailPageFile size 0M)
current process WorkingSet (physical memory assigned to process): 66M, peak: 66M
current process commit charge ("private bytes"): 215M, peak: 215M

vm_info: Java HotSpot(TM) 64-Bit Server VM (21.0.5+9-LTS-239) for windows-amd64 JRE (21.0.5+9-LTS-239), built on 2024-09-30T05:17:38Z by "mach5one" with MS VC++ 17.6 (VS2022)

END.
